
2013-01-07 20:11:53...installerHook: Could not find custom/install/install_hooks.php
2013-01-07 20:11:53...calling handleSugarConfig()
2013-01-07 20:11:53...calling handleLog4Php()
2013-01-07 20:11:53...calling handleHtaccess()
2013-01-07 20:11:53...calling handleDbCharsetCollation()
2013-01-07 20:11:53...looping through all the Beans and create their tables
2013-01-07 20:11:53...processing table acl_actions
2013-01-07 20:11:53...dropping table acl_actions
2013-01-07 20:11:53...creating table acl_actions
2013-01-07 20:11:53...creating Relationship Meta for ACLAction
2013-01-07 20:11:53...processing table acl_roles
2013-01-07 20:11:53...dropping table acl_roles
2013-01-07 20:11:53...creating table acl_roles
2013-01-07 20:11:53...creating Relationship Meta for ACLRole
2013-01-07 20:11:53...processing table relationships
2013-01-07 20:11:53...dropping table relationships
2013-01-07 20:11:53...creating table relationships
2013-01-07 20:11:53...creating Relationship Meta for Relationship
2013-01-07 20:11:53...processing table leads
2013-01-07 20:11:53...dropping table leads
2013-01-07 20:11:53...creating table leads
2013-01-07 20:11:53...creating Relationship Meta for Lead
2013-01-07 20:11:53...processing table cases
2013-01-07 20:11:53...dropping table cases
2013-01-07 20:11:53...creating table cases
2013-01-07 20:11:53...creating Relationship Meta for Case
2013-01-07 20:11:53...processing table bugs
2013-01-07 20:11:53...dropping table bugs
2013-01-07 20:11:53...creating table bugs
2013-01-07 20:11:53...creating Relationship Meta for Bug
2013-01-07 20:11:53...processing table users
2013-01-07 20:11:53...dropping table users
2013-01-07 20:11:53...creating table users
2013-01-07 20:11:53...creating Relationship Meta for User
2013-01-07 20:11:53...processing table campaign_log
2013-01-07 20:11:53...dropping table campaign_log
2013-01-07 20:11:53...creating table campaign_log
2013-01-07 20:11:53...creating Relationship Meta for CampaignLog
2013-01-07 20:11:53...processing table project
2013-01-07 20:11:53...dropping table project
2013-01-07 20:11:54...creating table project
2013-01-07 20:11:54...creating Relationship Meta for Project
2013-01-07 20:11:54...processing table project_task
2013-01-07 20:11:54...dropping table project_task
2013-01-07 20:11:54...creating table project_task
2013-01-07 20:11:54...creating Relationship Meta for ProjectTask
2013-01-07 20:11:54...processing table campaigns
2013-01-07 20:11:54...dropping table campaigns
2013-01-07 20:11:54...creating table campaigns
2013-01-07 20:11:54...creating Relationship Meta for Campaign
2013-01-07 20:11:54...processing table prospect_lists
2013-01-07 20:11:54...dropping table prospect_lists
2013-01-07 20:11:54...creating table prospect_lists
2013-01-07 20:11:54...creating Relationship Meta for ProspectList
2013-01-07 20:11:54...processing table prospects
2013-01-07 20:11:54...dropping table prospects
2013-01-07 20:11:54...creating table prospects
2013-01-07 20:11:54...creating Relationship Meta for Prospect
2013-01-07 20:11:54...processing table email_marketing
2013-01-07 20:11:54...dropping table email_marketing
2013-01-07 20:11:54...creating table email_marketing
2013-01-07 20:11:54...creating Relationship Meta for EmailMarketing
2013-01-07 20:11:54...processing table campaign_trkrs
2013-01-07 20:11:54...dropping table campaign_trkrs
2013-01-07 20:11:54...creating table campaign_trkrs
2013-01-07 20:11:54...creating Relationship Meta for CampaignTracker
2013-01-07 20:11:54...processing table releases
2013-01-07 20:11:54...dropping table releases
2013-01-07 20:11:54...creating table releases
2013-01-07 20:11:54...creating Relationship Meta for Release
2013-01-07 20:11:54...processing table emailman
2013-01-07 20:11:54...dropping table emailman
2013-01-07 20:11:54...creating table emailman
2013-01-07 20:11:54...creating Relationship Meta for EmailMan
2013-01-07 20:11:54...processing table schedulers
2013-01-07 20:11:54...dropping table schedulers
2013-01-07 20:11:54...creating table schedulers
2013-01-07 20:11:54...creating Relationship Meta for Scheduler
2013-01-07 20:11:54...processing table job_queue
2013-01-07 20:11:54...dropping table job_queue
2013-01-07 20:11:54...creating table job_queue
2013-01-07 20:11:54...creating Relationship Meta for SchedulersJob
2013-01-07 20:11:54...processing table contacts
2013-01-07 20:11:54...dropping table contacts
2013-01-07 20:11:54...creating table contacts
2013-01-07 20:11:54...creating Relationship Meta for Contact
2013-01-07 20:11:54...processing table accounts
2013-01-07 20:11:54...dropping table accounts
2013-01-07 20:11:54...creating table accounts
2013-01-07 20:11:54...creating Relationship Meta for Account
2013-01-07 20:11:54...processing table opportunities
2013-01-07 20:11:54...dropping table opportunities
2013-01-07 20:11:54...creating table opportunities
2013-01-07 20:11:54...creating Relationship Meta for Opportunity
2013-01-07 20:11:54...processing table email_templates
2013-01-07 20:11:54...dropping table email_templates
2013-01-07 20:11:54...creating table email_templates
2013-01-07 20:11:54...creating Relationship Meta for EmailTemplate
2013-01-07 20:11:54...processing table notes
2013-01-07 20:11:54...dropping table notes
2013-01-07 20:11:54...creating table notes
2013-01-07 20:11:54...creating Relationship Meta for Note
2013-01-07 20:11:54...processing table calls
2013-01-07 20:11:54...dropping table calls
2013-01-07 20:11:54...creating table calls
2013-01-07 20:11:54...creating Relationship Meta for Call
2013-01-07 20:11:55...processing table emails
2013-01-07 20:11:55...dropping table emails
2013-01-07 20:11:55...creating table emails
2013-01-07 20:11:55...creating Relationship Meta for Email
2013-01-07 20:11:55...processing table meetings
2013-01-07 20:11:55...dropping table meetings
2013-01-07 20:11:55...creating table meetings
2013-01-07 20:11:55...creating Relationship Meta for Meeting
2013-01-07 20:11:55...processing table tasks
2013-01-07 20:11:55...dropping table tasks
2013-01-07 20:11:55...creating table tasks
2013-01-07 20:11:55...creating Relationship Meta for Task
2013-01-07 20:11:55...processing table users
2013-01-07 20:11:55...processing table users
2013-01-07 20:11:55...processing table currencies
2013-01-07 20:11:55...dropping table currencies
2013-01-07 20:11:55...creating table currencies
2013-01-07 20:11:55...creating Relationship Meta for Currency
2013-01-07 20:11:55...processing table tracker
2013-01-07 20:11:55...dropping table tracker
2013-01-07 20:11:55...creating table tracker
2013-01-07 20:11:55...creating Relationship Meta for Tracker
2013-01-07 20:11:55...processing table import_maps
2013-01-07 20:11:55...dropping table import_maps
2013-01-07 20:11:55...creating table import_maps
2013-01-07 20:11:55...creating Relationship Meta for ImportMap
2013-01-07 20:11:55...processing table users_last_import
2013-01-07 20:11:55...dropping table users_last_import
2013-01-07 20:11:55...creating table users_last_import
2013-01-07 20:11:55...creating Relationship Meta for UsersLastImport
2013-01-07 20:11:55...processing table config
2013-01-07 20:11:55...dropping table config
2013-01-07 20:11:55...creating table config
2013-01-07 20:11:55...creating Relationship Meta for Administration
2013-01-07 20:11:55...processing table upgrade_history
2013-01-07 20:11:55...dropping table upgrade_history
2013-01-07 20:11:55...creating table upgrade_history
2013-01-07 20:11:55...creating Relationship Meta for UpgradeHistory
2013-01-07 20:11:55...processing table vcals
2013-01-07 20:11:55...dropping table vcals
2013-01-07 20:11:55...creating table vcals
2013-01-07 20:11:55...creating Relationship Meta for vCal
2013-01-07 20:11:55...processing table versions
2013-01-07 20:11:55...dropping table versions
2013-01-07 20:11:55...creating table versions
2013-01-07 20:11:55...creating Relationship Meta for Version
2013-01-07 20:11:55...processing table roles
2013-01-07 20:11:55...dropping table roles
2013-01-07 20:11:55...creating table roles
2013-01-07 20:11:55...creating Relationship Meta for Role
2013-01-07 20:11:55...processing table documents
2013-01-07 20:11:55...dropping table documents
2013-01-07 20:11:55...creating table documents
2013-01-07 20:11:55...creating Relationship Meta for Document
2013-01-07 20:11:55...processing table document_revisions
2013-01-07 20:11:55...dropping table document_revisions
2013-01-07 20:11:55...creating table document_revisions
2013-01-07 20:11:55...creating Relationship Meta for DocumentRevision
2013-01-07 20:11:55...processing table fields_meta_data
2013-01-07 20:11:55...dropping table fields_meta_data
2013-01-07 20:11:55...creating table fields_meta_data
2013-01-07 20:11:55...creating Relationship Meta for FieldsMetaData
2013-01-07 20:11:55...processing table inbound_email
2013-01-07 20:11:55...dropping table inbound_email
2013-01-07 20:11:55...creating table inbound_email
2013-01-07 20:11:55...creating Relationship Meta for InboundEmail
2013-01-07 20:11:55...processing table saved_search
2013-01-07 20:11:55...dropping table saved_search
2013-01-07 20:11:55...creating table saved_search
2013-01-07 20:11:55...creating Relationship Meta for SavedSearch
2013-01-07 20:11:55...processing table user_preferences
2013-01-07 20:11:55...dropping table user_preferences
2013-01-07 20:11:55...creating table user_preferences
2013-01-07 20:11:55...creating Relationship Meta for UserPreference
2013-01-07 20:11:55...processing table 
2013-01-07 20:11:55...processing table email_addresses
2013-01-07 20:11:55...dropping table email_addresses
2013-01-07 20:11:55...creating table email_addresses
2013-01-07 20:11:55...creating Relationship Meta for EmailAddress
2013-01-07 20:11:55...processing table emails_text
2013-01-07 20:11:55...dropping table emails_text
2013-01-07 20:11:55...creating table emails_text
2013-01-07 20:11:55...creating Relationship Meta for EmailText
2013-01-07 20:11:55...processing table sugarfeed
2013-01-07 20:11:55...dropping table sugarfeed
2013-01-07 20:11:55...creating table sugarfeed
2013-01-07 20:11:55...creating Relationship Meta for SugarFeed
2013-01-07 20:11:55...processing table eapm
2013-01-07 20:11:55...dropping table eapm
2013-01-07 20:11:55...creating table eapm
2013-01-07 20:11:55...creating Relationship Meta for EAPM
2013-01-07 20:11:55...processing table oauth_consumer
2013-01-07 20:11:55...dropping table oauth_consumer
2013-01-07 20:11:55...creating table oauth_consumer
2013-01-07 20:11:55...creating Relationship Meta for OAuthKey
2013-01-07 20:11:55...processing table oauth_tokens
2013-01-07 20:11:55...dropping table oauth_tokens
2013-01-07 20:11:55...creating table oauth_tokens
2013-01-07 20:11:55...creating Relationship Meta for OAuthToken
2013-01-07 20:11:55...Begin creating Defaults
2013-01-07 20:11:55...insert defaults into config table
2013-01-07 20:11:55...Creating default users
2013-01-07 20:11:56...Creating default scheduler jobs
2013-01-07 20:11:56...Enable SugarFeeds
2013-01-07 20:11:56...Enable InsideView Connector
2013-01-07 20:11:56...Creating FTS logic hook
2013-01-07 20:11:56...populating the db with seed data
2013-01-07 20:12:07...Installation has completed *********